C:\Users\Josiah Solomon\AppData\Local\Volta\tools\image\packages\forever\node_modules\forever\node_modules\configstore\index.js:65
			throw error;
			^

Error: EPERM: operation not permitted, rename 'C:\Users\Josiah Solomon\.forever\config.json.802479973' -> 'C:\Users\Josiah Solomon\.forever\config.json'
    at Object.renameSync (fs.js:741:3)
    at Function.writeFileSync [as sync] (C:\Users\Josiah Solomon\AppData\Local\Volta\tools\image\packages\forever\node_modules\forever\node_modules\write-file-atomic\index.js:224:8)
    at Configstore.set all [as all] (C:\Users\Josiah Solomon\AppData\Local\Volta\tools\image\packages\forever\node_modules\forever\node_modules\configstore\index.js:58:20)
    at Configstore.set (C:\Users\Josiah Solomon\AppData\Local\Volta\tools\image\packages\forever\node_modules\forever\node_modules\configstore\index.js:88:12)
    at Object.forever.load (C:\Users\Josiah Solomon\AppData\Local\Volta\tools\image\packages\forever\node_modules\forever\lib\forever.js:329:18)
    at Object.<anonymous> (C:\Users\Josiah Solomon\AppData\Local\Volta\tools\image\packages\forever\node_modules\forever\lib\forever.js:374:9)
    at Module._compile (internal/modules/cjs/loader.js:999:30)
    at Object.Module._extensions..js (internal/modules/cjs/loader.js:1027:10)
    at Module.load (internal/modules/cjs/loader.js:863:32)
    at Function.Module._load (internal/modules/cjs/loader.js:708:14) {
  errno: -4048,
  syscall: 'rename',
  code: 'EPERM',
  path: 'C:\\Users\\Josiah Solomon\\.forever\\config.json.802479973',
  dest: 'C:\\Users\\Josiah Solomon\\.forever\\config.json'
}
